android/build/intermediates/manifest_merge_blame_file/debug/processDebugManifest/manifest-merger-blame-debug-report.txt
1<?xml version="1.0" encoding="utf-8"?>
2<manifest xmlns:android="http://schemas.android.com/apk/res/android"
3    package="nl.kega.emdk" >
4
5    <uses-sdk android:minSdkVersion="24" />
6
7    <uses-permission android:name="com.symbol.emdk.permission.EMDK" />
7-->src\main\AndroidManifest.xml:5:5-70
7-->src\main\AndroidManifest.xml:5:22-68
8
9    <application>
9-->src\main\AndroidManifest.xml:7:5-9:19
10        <uses-library
10-->src\main\AndroidManifest.xml:8:9-81
11            android:name="com.symbol.emdk"
11-->src\main\AndroidManifest.xml:8:23-53
12            android:required="false" />
12-->src\main\AndroidManifest.xml:8:54-78
13    </application>
14
15</manifest>